<?xml version="1.0" encoding="UTF-8"?>
<testng-results ignored="0" total="6" passed="6" failed="0" skipped="0">
  <reporter-output>
  </reporter-output>
  <suite started-at="2021-09-25T16:23:35 IST" name="Suite" finished-at="2021-09-25T16:24:22 IST" duration-ms="46866">
    <groups>
    </groups>
    <test started-at="2021-09-25T16:23:35 IST" name="Test" finished-at="2021-09-25T16:24:22 IST" duration-ms="46866">
      <class name="com.org.Tests.TestCase_UserManagement_Operations">
        <test-method signature="TC_001()[pri:1, instance:com.org.Tests.TestCase_UserManagement_Operations@19d37183]" started-at="2021-09-25T16:23:35 IST" name="TC_001" finished-at="2021-09-25T16:24:14 IST" duration-ms="38415" status="PASS">
          <reporter-output>
          </reporter-output>
        </test-method> <!-- TC_001 -->
        <test-method signature="TC_002()[pri:2, instance:com.org.Tests.TestCase_UserManagement_Operations@19d37183]" started-at="2021-09-25T16:24:14 IST" name="TC_002" finished-at="2021-09-25T16:24:21 IST" duration-ms="6876" status="PASS">
          <reporter-output>
          </reporter-output>
        </test-method> <!-- TC_002 -->
        <test-method signature="TC_003()[pri:3, instance:com.org.Tests.TestCase_UserManagement_Operations@19d37183]" started-at="2021-09-25T16:24:21 IST" name="TC_003" finished-at="2021-09-25T16:24:21 IST" duration-ms="344" status="PASS">
          <reporter-output>
          </reporter-output>
        </test-method> <!-- TC_003 -->
        <test-method signature="TC_004()[pri:4, instance:com.org.Tests.TestCase_UserManagement_Operations@19d37183]" started-at="2021-09-25T16:24:21 IST" name="TC_004" finished-at="2021-09-25T16:24:21 IST" duration-ms="236" status="PASS">
          <reporter-output>
          </reporter-output>
        </test-method> <!-- TC_004 -->
        <test-method signature="TC_005()[pri:5, instance:com.org.Tests.TestCase_UserManagement_Operations@19d37183]" started-at="2021-09-25T16:24:21 IST" name="TC_005" finished-at="2021-09-25T16:24:22 IST" duration-ms="210" status="PASS">
          <reporter-output>
          </reporter-output>
        </test-method> <!-- TC_005 -->
        <test-method signature="TC_006()[pri:6, instance:com.org.Tests.TestCase_UserManagement_Operations@19d37183]" started-at="2021-09-25T16:24:22 IST" name="TC_006" finished-at="2021-09-25T16:24:22 IST" duration-ms="724" status="PASS">
          <reporter-output>
          </reporter-output>
        </test-method> <!-- TC_006 -->
      </class> <!-- com.org.Tests.TestCase_UserManagement_Operations -->
    </test> <!-- Test -->
  </suite> <!-- Suite -->
</testng-results>
