<?xml version="1.0" encoding="UTF-8"?>
<!-- Generated by org.testng.reporters.JUnitXMLReporter -->
<testsuite ignored="0" hostname="ankit-shrivastava" failures="0" tests="6" name="Test" time="46.866" errors="0" timestamp="2021-09-25T16:24:22 IST">
  <testcase classname="com.org.Tests.TestCase_UserManagement_Operations" name="TC_001" time="38.415"/>
  <testcase classname="com.org.Tests.TestCase_UserManagement_Operations" name="TC_002" time="6.876"/>
  <testcase classname="com.org.Tests.TestCase_UserManagement_Operations" name="TC_003" time="0.344"/>
  <testcase classname="com.org.Tests.TestCase_UserManagement_Operations" name="TC_004" time="0.236"/>
  <testcase classname="com.org.Tests.TestCase_UserManagement_Operations" name="TC_005" time="0.21"/>
  <testcase classname="com.org.Tests.TestCase_UserManagement_Operations" name="TC_006" time="0.724"/>
</testsuite> <!-- Test -->
